[debug] [2023-01-19T16:40:40.000Z] ----------------------------------------------------------------------
[debug] [2023-01-19T16:40:40.001Z] Command:       C:\Program Files\nodejs\node.exe C:\Users\jsant\AppData\Roaming\npm\node_modules\firebase-tools\lib\bin\firebase.js init
[debug] [2023-01-19T16:40:40.002Z] CLI Version:   9.23.0
[debug] [2023-01-19T16:40:40.002Z] Platform:      win32
[debug] [2023-01-19T16:40:40.002Z] Node Version:  v14.18.1
[debug] [2023-01-19T16:40:40.015Z] Time:          Thu Jan 19 2023 11:40:40 GMT-0500 (Colombia Standard Time)
[debug] [2023-01-19T16:40:40.015Z] ----------------------------------------------------------------------
[debug] 
[debug] [2023-01-19T16:40:40.020Z] >>> [apiv2][query] GET https://firebase-public.firebaseio.com/cli.json [none]
[debug] [2023-01-19T16:40:40.044Z] > command requires scopes: ["email","openid","https://www.googleapis.com/auth/cloudplatformprojects.readonly","https://www.googleapis.com/auth/firebase","https://www.googleapis.com/auth/cloud-platform"]
[debug] [2023-01-19T16:40:40.044Z] > authorizing via signed-in user (jsantiago2005@gmail.com)
[info] 
     ######## #### ########  ######## ########     ###     ######  ########
     ##        ##  ##     ## ##       ##     ##  ##   ##  ##       ##
     ######    ##  ########  ######   ########  #########  ######  ######
     ##        ##  ##    ##  ##       ##     ## ##     ##       ## ##
     ##       #### ##     ## ######## ########  ##     ##  ######  ########

You're about to initialize a Firebase project in this directory:

  X:\Trabajo\Encuesta\encuesta

[debug] [2023-01-19T16:40:40.414Z] <<< [apiv2][status] GET https://firebase-public.firebaseio.com/cli.json 200
[debug] [2023-01-19T16:40:40.414Z] <<< [apiv2][body] GET https://firebase-public.firebaseio.com/cli.json {"cloudBuildErrorAfter":1594252800000,"cloudBuildWarnAfter":1590019200000,"defaultNode10After":1594252800000,"minVersion":"3.0.5","node8DeploysDisabledAfter":1613390400000,"node8RuntimeDisabledAfter":1615809600000,"node8WarnAfter":1600128000000}
[info] 
=== Project Setup
[info] 
[info] First, let's associate this project directory with a Firebase project.
[info] You can create multiple project aliases by running firebase use --add, 
[info] but for now we'll just set up a default project.
[info] 
[debug] [2023-01-19T16:41:40.344Z] > refreshing access token with scopes: []
[debug] [2023-01-19T16:41:40.345Z] >>> HTTP REQUEST POST https://www.googleapis.com/oauth2/v3/token  
 <request body omitted>
[debug] [2023-01-19T16:41:40.580Z] <<< HTTP RESPONSE 200 {"cache-control":"no-cache, no-store, max-age=0, must-revalidate","expires":"Mon, 01 Jan 1990 00:00:00 GMT","date":"Thu, 19 Jan 2023 16:41:40 GMT","pragma":"no-cache","content-type":"application/json; charset=utf-8","vary":"X-Origin, Referer, Origin,Accept-Encoding","server":"scaffolding on HTTPServer2","x-xss-protection":"0","x-frame-options":"SAMEORIGIN","x-content-type-options":"nosniff","alt-svc":"h3=\":443\"; ma=2592000,h3-29=\":443\"; ma=2592000,h3-Q050=\":443\"; ma=2592000,h3-Q046=\":443\"; ma=2592000,h3-Q043=\":443\"; ma=2592000,quic=\":443\"; ma=2592000; v=\"46,43\"","accept-ranges":"none","transfer-encoding":"chunked"}
[debug] [2023-01-19T16:41:40.598Z] >>> [apiv2][query] GET https://firebase.googleapis.com/v1beta1/projects pageSize=100
[debug] [2023-01-19T16:41:41.103Z] <<< [apiv2][status] GET https://firebase.googleapis.com/v1beta1/projects 200
[debug] [2023-01-19T16:41:41.103Z] <<< [apiv2][body] GET https://firebase.googleapis.com/v1beta1/projects [omitted]
